<?xml version="1.0" encoding="UTF-8"?>
<testsuite name="Cucumber" time="7.127" tests="1" skipped="0" failures="1" errors="0">
<testcase classname="Login Page Features" name="Verify Login Page Title" time="6.911">
<failure type="org.junit.ComparisonFailure" message="expected:&lt;Login - My Shop[1]&gt; but was:&lt;Login - My Shop[]&gt;">
<![CDATA[org.junit.ComparisonFailure: expected:<Login - My Shop[1]> but was:<Login - My Shop[]>
	at org.junit.Assert.assertEquals(Assert.java:115)
	at org.junit.Assert.assertEquals(Assert.java:144)
	at com.stepdefs.LoginPageSteps.page_title_should_be(LoginPageSteps.java:37)
	at ✽.Page title should be "Login - My Shop1"(file:///D:/SeleniumProjects/CucumberPOM/src/test/resources/MyFeatures/LoginPage.feature:8)
]]>
</failure>
<system-out><![CDATA[
Given User on login page....................................................passed
Then Page title should be "Login - My Shop1"................................failed
]]></system-out>
</testcase>
</testsuite>
